{
  "RSpec": {
    "coverage": {
      "/Users/michaelmarchand/turing/1_mod/solo_projects/war_or_peace/lib/card.rb": {
        "lines": [
          1,
          1,
          null,
          1,
          1222,
          1222,
          1222,
          null,
          null
        ]
      },
      "/Users/michaelmarchand/turing/1_mod/solo_projects/war_or_peace/lib/deck.rb": {
        "lines": [
          1,
          1,
          null,
          1,
          108,
          null,
          null,
          1,
          60078,
          null,
          null,
          1,
          6,
          16,
          null,
          null,
          null,
          1,
          3,
          null,
          null,
          1,
          7936,
          null,
          null,
          1,
          1,
          null,
          null
        ]
      },
      "/Users/michaelmarchand/turing/1_mod/solo_projects/war_or_peace/lib/player.rb": {
        "lines": [
          1,
          1,
          1,
          null,
          1,
          97,
          97,
          97,
          null,
          null,
          1,
          8017,
          null,
          null
        ]
      },
      "/Users/michaelmarchand/turing/1_mod/solo_projects/war_or_peace/lib/turn.rb": {
        "lines": [
          1,
          1,
          1,
          null,
          1,
          4043,
          4043,
          4043,
          null,
          null,
          1,
          12022,
          null,
          null,
          1,
          147,
          null,
          null,
          1,
          12027,
          12027,
          12027,
          12027,
          null,
          12027,
          null,
          null,
          1,
          12029,
          8,
          12021,
          11875,
          146,
          146,
          null,
          null,
          null,
          1,
          4014,
          null,
          3964,
          null,
          48,
          null,
          2,
          null,
          null,
          null,
          1,
          4005,
          null,
          3956,
          null,
          47,
          null,
          2,
          null,
          null,
          null,
          1,
          4001,
          4001,
          null,
          null,
          1,
          12082,
          null,
          null,
          1,
          1,
          null,
          null,
          1,
          3,
          9,
          9,
          null,
          null,
          null,
          1,
          48,
          null,
          null,
          1,
          3957,
          null,
          null,
          1,
          3967,
          2000,
          1967,
          1967,
          null,
          null,
          null,
          1,
          3967,
          null,
          null,
          1,
          1967,
          null,
          null,
          1,
          51,
          48,
          3,
          1,
          null,
          2,
          null,
          null,
          null,
          1,
          50,
          50,
          null,
          50,
          null,
          null
        ]
      },
      "/Users/michaelmarchand/turing/1_mod/solo_projects/war_or_peace/lib/game.rb": {
        "lines": [
          1,
          1,
          1,
          1,
          1,
          null,
          1,
          1,
          null,
          null,
          null,
          null,
          null,
          null,
          null,
          null,
          null,
          1,
          22,
          22,
          22,
          22,
          22,
          22,
          22,
          null,
          null,
          1,
          4,
          4,
          4,
          4,
          4,
          4,
          null,
          4,
          null,
          null,
          1,
          19,
          19,
          19,
          19,
          247,
          247,
          247,
          247,
          null,
          null,
          19,
          988,
          null,
          null,
          null,
          1,
          16,
          null,
          null,
          1,
          14,
          14,
          null,
          null,
          1,
          15,
          15,
          null,
          null,
          1,
          4002,
          null,
          null,
          1,
          3998,
          null,
          null,
          1,
          2,
          null,
          1,
          null,
          1,
          1,
          0,
          0,
          null,
          null,
          0,
          null,
          null,
          null,
          1,
          3998,
          null,
          null,
          1,
          2,
          1,
          null,
          1,
          null,
          null,
          null,
          1,
          4000,
          4000,
          null,
          1,
          1,
          1,
          null,
          45,
          45,
          45,
          45,
          null,
          3954,
          3954,
          3954,
          3954,
          null,
          0,
          null,
          null,
          null,
          1,
          14,
          null,
          null,
          1,
          7,
          1,
          6,
          1,
          null,
          5,
          5,
          null,
          null,
          null,
          1,
          4,
          3996,
          0,
          3996,
          0,
          3996,
          0,
          null,
          3996,
          null,
          null,
          3996,
          null,
          3996,
          null,
          4,
          null,
          null,
          1,
          3,
          null,
          null,
          1,
          1,
          null,
          null,
          1,
          1,
          null,
          null
        ]
      },
      "/Users/michaelmarchand/turing/1_mod/solo_projects/war_or_peace/spec/card_spec.rb": {
        "lines": [
          1,
          null,
          1,
          1,
          1,
          null,
          1,
          null,
          null,
          1,
          1,
          null,
          1,
          1,
          1,
          null,
          null
        ]
      },
      "/Users/michaelmarchand/turing/1_mod/solo_projects/war_or_peace/spec/deck_spec.rb": {
        "lines": [
          1,
          null,
          1,
          1,
          1,
          1,
          1,
          1,
          1,
          1,
          null,
          null,
          1,
          1,
          1,
          null,
          null,
          1,
          1,
          null,
          null,
          null,
          1,
          1,
          1,
          1,
          null,
          null,
          null,
          1,
          null,
          1,
          1,
          null,
          1,
          3,
          null,
          1,
          null,
          null,
          null,
          null,
          1,
          1,
          1,
          1,
          null,
          null,
          null,
          1,
          1,
          1,
          1,
          null,
          1,
          1,
          1,
          1,
          null,
          null,
          null,
          1,
          1,
          1,
          null,
          null,
          1,
          1,
          1,
          1,
          null,
          null,
          null,
          null,
          null
        ]
      },
      "/Users/michaelmarchand/turing/1_mod/solo_projects/war_or_peace/spec/game_spec.rb": {
        "lines": [
          1,
          null,
          1,
          1,
          1,
          1,
          1,
          null,
          null,
          1,
          1,
          null,
          null,
          null,
          1,
          1,
          null,
          null,
          1,
          1,
          1,
          null,
          null,
          1,
          1,
          1,
          null,
          null,
          1,
          1,
          null,
          null,
          1,
          1,
          1,
          null,
          null,
          null,
          1,
          1,
          1,
          1,
          null,
          null,
          1,
          1,
          1,
          1,
          null,
          null,
          1,
          1,
          1,
          1,
          1,
          null,
          null,
          null,
          1,
          1,
          1,
          1,
          null,
          null,
          null,
          1,
          1,
          1,
          1,
          1,
          1,
          1,
          1,
          1,
          1,
          null,
          null,
          null,
          1,
          1,
          null,
          1,
          1,
          1,
          1,
          1,
          1,
          null,
          null,
          null,
          1,
          1,
          1,
          1,
          1,
          1,
          1,
          1,
          1,
          1,
          1,
          1,
          null,
          null,
          null,
          1,
          1,
          1,
          1,
          1,
          1,
          1,
          1,
          1,
          1,
          1,
          1,
          1,
          null,
          null,
          null,
          1,
          1,
          1,
          1,
          1,
          1,
          1,
          1,
          1,
          1,
          1,
          1,
          1,
          null,
          null,
          null,
          1,
          1,
          1,
          1,
          1,
          1,
          1,
          1,
          1,
          null,
          6,
          1,
          1,
          1,
          null,
          null,
          null,
          null,
          null,
          null,
          null,
          1,
          1,
          1,
          1,
          1,
          1,
          1,
          1,
          1,
          1,
          1,
          1,
          1,
          1,
          1,
          null,
          null,
          null,
          1,
          1,
          1,
          1,
          1,
          1,
          1,
          1,
          1,
          1,
          1,
          1,
          null,
          null,
          null,
          1,
          1,
          1,
          1,
          1,
          1,
          1,
          null,
          1,
          1,
          1,
          1,
          1,
          1,
          1,
          1,
          1,
          1,
          1,
          null,
          1,
          1,
          null,
          null,
          1,
          1,
          1,
          1,
          1,
          1,
          1,
          1,
          1,
          null,
          1,
          1,
          1,
          1,
          1,
          null,
          null,
          1,
          1,
          1,
          1,
          1,
          1,
          1,
          1,
          1,
          1,
          1,
          1,
          1,
          1,
          null,
          null,
          null,
          1,
          1,
          1,
          1,
          1,
          1,
          1,
          null,
          1,
          1,
          1,
          1,
          1,
          1,
          1,
          1,
          1,
          1,
          1,
          1,
          null,
          null,
          1,
          1,
          null,
          null,
          1,
          1,
          1,
          1,
          1,
          1,
          1,
          1,
          1,
          1,
          1,
          1,
          1,
          1,
          null,
          null,
          null,
          1,
          1,
          1,
          null,
          1,
          1,
          1,
          1,
          null,
          null,
          1,
          1,
          1,
          1,
          1,
          1,
          1,
          null,
          null,
          null,
          1,
          1,
          1,
          null,
          null,
          1,
          1,
          null,
          null,
          null,
          1,
          1,
          1,
          null,
          1,
          1,
          null,
          null,
          1,
          1,
          null,
          null,
          null,
          1,
          1,
          1,
          1,
          1,
          1,
          2,
          null,
          null,
          1,
          1,
          1,
          1,
          1,
          1,
          1,
          2,
          null,
          null,
          1,
          1,
          1,
          1,
          2,
          0,
          0,
          null,
          null,
          null,
          null,
          1,
          1,
          1,
          1,
          1,
          1,
          1,
          1,
          1,
          1,
          1,
          null,
          null,
          null
        ]
      },
      "/Users/michaelmarchand/turing/1_mod/solo_projects/war_or_peace/spec/player_spec.rb": {
        "lines": [
          1,
          null,
          1,
          1,
          1,
          1,
          1,
          1,
          1,
          1,
          null,
          null,
          1,
          1,
          1,
          null,
          null,
          1,
          1,
          null,
          null,
          1,
          1,
          null,
          null,
          1,
          1,
          null,
          null,
          null,
          1,
          1,
          1,
          null,
          null,
          1,
          1,
          1,
          1,
          null,
          1,
          null,
          null,
          null,
          null
        ]
      },
      "/Users/michaelmarchand/turing/1_mod/solo_projects/war_or_peace/spec/turn_spec.rb": {
        "lines": [
          1,
          null,
          1,
          null,
          25,
          25,
          27,
          27,
          10,
          24,
          24,
          10,
          null,
          1,
          1,
          1,
          1,
          1,
          1,
          null,
          null,
          1,
          1,
          1,
          1,
          1,
          null,
          null,
          null,
          1,
          10,
          10,
          9,
          9,
          9,
          null,
          1,
          1,
          1,
          null,
          null,
          null,
          1,
          1,
          1,
          null,
          null,
          null,
          1,
          1,
          1,
          1,
          null,
          null,
          null,
          1,
          1,
          1,
          null,
          1,
          1,
          null,
          null,
          1,
          1,
          1,
          1,
          1,
          null,
          null,
          null,
          1,
          1,
          1,
          1,
          1,
          1,
          null,
          null,
          null,
          1,
          1,
          1,
          1,
          1,
          1,
          1,
          null,
          null,
          null,
          1,
          1,
          1,
          1,
          1,
          1,
          null,
          null,
          null,
          null,
          1,
          13,
          13,
          12,
          12,
          10,
          null,
          1,
          1,
          1,
          null,
          null,
          null,
          1,
          1,
          1,
          1,
          null,
          null,
          null,
          1,
          1,
          1,
          1,
          1,
          null,
          null,
          null,
          1,
          1,
          1,
          1,
          1,
          1,
          1,
          null,
          null,
          null,
          1,
          1,
          1,
          1,
          null,
          null,
          null,
          1,
          1,
          1,
          1,
          null,
          null,
          null,
          1,
          1,
          null,
          null,
          null,
          1,
          1,
          1,
          1,
          null,
          null,
          null,
          1,
          1,
          1,
          1,
          1,
          1,
          null,
          null,
          null,
          null,
          null,
          null,
          1,
          1,
          1,
          1,
          null,
          null,
          null,
          null,
          null,
          null,
          null,
          null,
          null,
          null,
          null,
          null,
          null,
          null,
          null,
          null,
          null,
          null,
          null,
          null,
          null,
          null,
          1,
          1,
          1,
          1,
          null,
          null,
          null,
          1,
          1,
          1,
          1,
          1,
          1,
          1,
          null,
          null,
          null,
          null,
          1,
          7,
          7,
          7,
          7,
          5,
          5,
          5,
          5,
          5,
          5,
          5,
          5,
          5,
          null,
          1,
          1,
          1,
          null,
          null,
          null,
          1,
          1,
          1,
          1,
          1,
          null,
          null,
          null,
          1,
          1,
          1,
          1,
          null,
          null,
          null,
          1,
          1,
          1,
          1,
          1,
          1,
          1,
          1,
          1,
          1,
          1,
          1,
          1,
          1,
          null,
          null,
          null,
          1,
          1,
          1,
          1,
          1,
          1,
          1,
          1,
          1,
          1,
          null,
          null,
          null,
          1,
          1,
          1,
          null,
          null,
          null,
          null,
          1,
          3,
          3,
          3,
          3,
          3,
          null,
          1,
          1,
          1,
          null,
          null,
          null,
          1,
          1,
          1,
          1,
          1,
          1,
          1,
          1,
          1,
          1,
          null,
          null,
          null,
          1,
          1,
          1,
          null,
          null,
          null,
          null
        ]
      }
    },
    "timestamp": 1664824581
  }
}
