{
  "RSpec": {
    "coverage": {
      "/Users/michaelmarchand/turing/1_mod/war_or_peace/lib/card.rb": {
        "lines": [
          1,
          1,
          null,
          1,
          140,
          140,
          140,
          null,
          null
        ]
      },
      "/Users/michaelmarchand/turing/1_mod/war_or_peace/lib/deck.rb": {
        "lines": [
          1,
          1,
          null,
          1,
          46,
          null,
          null,
          1,
          12,
          null,
          null,
          1,
          0,
          0,
          null,
          null,
          null,
          1,
          0,
          0,
          0,
          null,
          0,
          null,
          null,
          null,
          1,
          0,
          null,
          null,
          1,
          0,
          null,
          null
        ]
      },
      "/Users/michaelmarchand/turing/1_mod/war_or_peace/lib/player.rb": {
        "lines": [
          1,
          1,
          1,
          null,
          1,
          46,
          46,
          46,
          null,
          null,
          1,
          0,
          0,
          null,
          0,
          null,
          null,
          null
        ]
      },
      "/Users/michaelmarchand/turing/1_mod/war_or_peace/lib/turn.rb": {
        "lines": [
          1,
          1,
          1,
          null,
          1,
          23,
          23,
          23,
          null,
          null,
          1,
          16,
          null,
          null,
          1,
          6,
          null,
          null,
          1,
          19,
          4,
          15,
          9,
          6,
          5,
          1,
          1,
          0,
          0,
          null,
          null,
          null,
          1,
          7,
          null,
          5,
          5,
          null,
          5,
          5,
          0,
          0,
          null,
          0,
          null,
          null,
          1,
          1,
          1,
          null,
          1,
          0,
          1,
          1,
          null,
          0,
          null,
          0,
          0,
          0,
          0,
          null,
          0,
          null,
          null,
          null,
          1,
          null,
          0,
          null,
          null,
          null,
          1,
          5,
          null,
          2,
          null,
          2,
          null,
          1,
          null,
          null,
          null,
          1,
          2,
          2,
          null,
          null,
          1,
          42,
          null,
          null,
          1,
          2,
          null,
          null,
          1,
          20,
          20,
          20,
          20,
          null,
          20,
          null,
          null,
          1,
          2,
          2,
          null,
          null,
          1,
          3,
          null,
          null,
          1,
          3,
          null,
          null
        ]
      },
      "/Users/michaelmarchand/turing/1_mod/war_or_peace/lib/game.rb": {
        "lines": [
          1,
          1,
          1,
          1,
          1,
          null,
          1,
          1,
          null,
          null,
          null,
          null,
          null,
          null,
          null,
          null,
          null,
          1,
          0,
          0,
          0,
          0,
          0,
          0,
          0,
          null,
          null,
          1,
          0,
          0,
          0,
          0,
          0,
          0,
          0,
          0,
          0,
          0,
          0,
          null,
          null,
          1,
          0,
          0,
          0,
          0,
          0,
          0,
          0,
          0,
          null,
          null,
          0,
          0,
          null,
          null,
          null,
          1,
          0,
          null,
          null,
          1,
          0,
          0,
          null,
          null,
          1,
          0,
          0,
          null,
          null,
          1,
          0,
          null,
          null,
          null,
          null,
          null,
          null,
          null,
          null,
          null,
          null,
          1,
          0,
          null,
          null,
          1,
          0,
          null,
          0,
          null,
          0,
          0,
          0,
          0,
          null,
          null,
          null,
          0,
          null,
          null,
          null,
          1,
          0,
          null,
          null,
          1,
          0,
          0,
          null,
          0,
          null,
          null,
          null,
          1,
          0,
          0,
          null,
          0,
          0,
          0,
          null,
          0,
          0,
          0,
          0,
          null,
          0,
          0,
          0,
          0,
          null,
          0,
          null,
          null,
          null,
          1,
          0,
          null,
          null,
          1,
          0,
          0,
          0,
          0,
          0,
          0,
          0,
          null,
          null,
          null,
          1,
          0,
          null,
          0,
          0,
          0,
          0,
          0,
          0,
          0,
          null,
          0,
          null,
          null,
          0,
          null,
          null,
          0,
          null,
          null,
          null,
          null
        ]
      },
      "/Users/michaelmarchand/turing/1_mod/war_or_peace/spec/turn_spec.rb": {
        "lines": [
          1,
          1,
          null,
          1,
          null,
          15,
          15,
          17,
          17,
          7,
          15,
          15,
          7,
          null,
          1,
          1,
          1,
          1,
          1,
          1,
          null,
          null,
          null,
          1,
          7,
          7,
          7,
          7,
          null,
          1,
          1,
          1,
          1,
          null,
          null,
          null,
          1,
          1,
          1,
          1,
          null,
          null,
          null,
          1,
          1,
          1,
          1,
          1,
          1,
          null,
          null,
          null,
          null,
          1,
          1,
          1,
          1,
          1,
          1,
          null,
          null,
          null,
          1,
          1,
          1,
          1,
          null,
          1,
          1,
          1,
          1,
          null,
          null,
          null,
          1,
          1,
          1,
          1,
          1,
          1,
          1,
          null,
          null,
          null,
          null,
          1,
          7,
          7,
          7,
          7,
          5,
          null,
          1,
          1,
          1,
          null,
          null,
          null,
          1,
          1,
          1,
          1,
          null,
          null,
          null,
          1,
          1,
          1,
          1,
          1,
          null,
          null,
          null,
          1,
          1,
          1,
          1,
          null,
          null,
          null,
          null,
          null,
          null,
          null,
          null,
          null,
          null,
          null,
          null,
          null,
          null,
          null,
          null,
          null,
          null,
          null,
          null,
          null,
          null,
          1,
          1,
          1,
          1,
          null,
          null,
          null,
          1,
          1,
          1,
          1,
          1,
          1,
          1,
          null,
          null,
          null,
          null,
          1,
          7,
          7,
          7,
          7,
          5,
          5,
          5,
          5,
          5,
          5,
          5,
          5,
          5,
          null,
          1,
          1,
          1,
          null,
          null,
          null,
          1,
          1,
          1,
          1,
          1,
          null,
          null,
          null,
          1,
          1,
          1,
          1,
          null,
          null,
          null,
          1,
          1,
          1,
          1,
          1,
          1,
          1,
          1,
          1,
          1,
          1,
          1,
          1,
          1,
          null,
          null,
          null,
          1,
          1,
          1,
          1,
          1,
          1,
          1,
          1,
          1,
          1,
          null,
          null,
          null,
          1,
          1,
          1,
          null,
          null,
          null,
          null,
          1,
          3,
          3,
          3,
          3,
          3,
          null,
          1,
          1,
          1,
          null,
          null,
          null,
          1,
          1,
          1,
          1,
          1,
          1,
          1,
          1,
          1,
          1,
          null,
          null,
          null,
          1,
          1,
          1,
          null,
          null,
          null,
          null
        ]
      }
    },
    "timestamp": 1661915196
  }
}
